app/build/intermediates/manifest_merge_blame_file/debug/manifest-merger-blame-debug-report.txt
1<?xml version="1.0" encoding="utf-8"?>
2<manifest xmlns:android="http://schemas.android.com/apk/res/android"
3    package="com.catalin.comicslibrary"
4    android:versionCode="1"
5    android:versionName="1.0" >
6
7    <uses-sdk
8        android:minSdkVersion="24"
8-->src\main\AndroidManifest.xml
9        android:targetSdkVersion="32" />
9-->src\main\AndroidManifest.xml
10
11    <uses-permission android:name="android.permission.INTERNET" />
11-->src\main\AndroidManifest.xml:5:5-66
11-->src\main\AndroidManifest.xml:5:22-64
12    <uses-permission android:name="android.permission.ACCESS_NETWORK_STATE" />
12-->src\main\AndroidManifest.xml:6:5-78
12-->src\main\AndroidManifest.xml:6:22-76
13    <uses-permission android:name="android.permission.CHANGE_NETWORK_STATE" />
13-->src\main\AndroidManifest.xml:7:5-78
13-->src\main\AndroidManifest.xml:7:22-76
14
15    <application
15-->src\main\AndroidManifest.xml:9:5-36:19
16        android:name="com.catalin.comicslibrary.ComicsApplication"
16-->src\main\AndroidManifest.xml:10:9-42
17        android:allowBackup="true"
17-->src\main\AndroidManifest.xml:12:9-35
18        android:appComponentFactory="androidx.core.app.CoreComponentFactory"
18-->[androidx.core:core:1.8.0] AndroidManifest.xml:24:18-86
19        android:dataExtractionRules="@xml/data_extraction_rules"
19-->src\main\AndroidManifest.xml:13:9-65
20        android:debuggable="true"
21        android:extractNativeLibs="false"
22        android:fullBackupContent="@xml/backup_rules"
22-->src\main\AndroidManifest.xml:14:9-54
23        android:icon="@mipmap/ic_launcher"
23-->src\main\AndroidManifest.xml:15:9-43
24        android:label="@string/app_name"
24-->src\main\AndroidManifest.xml:16:9-41
25        android:roundIcon="@mipmap/ic_launcher_round"
25-->src\main\AndroidManifest.xml:17:9-54
26        android:supportsRtl="true"
26-->src\main\AndroidManifest.xml:18:9-35
27        android:theme="@style/Theme.ComicsLibrary"
27-->src\main\AndroidManifest.xml:19:9-51
28        android:usesCleartextTraffic="true" >
28-->src\main\AndroidManifest.xml:11:9-44
29        <activity
29-->src\main\AndroidManifest.xml:21:9-35:20
30            android:name="com.catalin.comicslibrary.MainActivity"
30-->src\main\AndroidManifest.xml:22:13-41
31            android:exported="true"
31-->src\main\AndroidManifest.xml:23:13-36
32            android:label="@string/app_name"
32-->src\main\AndroidManifest.xml:24:13-45
33            android:theme="@style/Theme.ComicsLibrary" >
33-->src\main\AndroidManifest.xml:25:13-55
34            <intent-filter>
34-->src\main\AndroidManifest.xml:26:13-30:29
35                <action android:name="android.intent.action.MAIN" />
35-->src\main\AndroidManifest.xml:27:17-69
35-->src\main\AndroidManifest.xml:27:25-66
36
37                <category android:name="android.intent.category.LAUNCHER" />
37-->src\main\AndroidManifest.xml:29:17-77
37-->src\main\AndroidManifest.xml:29:27-74
38            </intent-filter>
39
40            <meta-data
40-->src\main\AndroidManifest.xml:32:13-34:36
41                android:name="android.app.lib_name"
41-->src\main\AndroidManifest.xml:33:17-52
42                android:value="" />
42-->src\main\AndroidManifest.xml:34:17-33
43        </activity>
44        <activity
44-->[androidx.compose.ui:ui-tooling:1.1.1] AndroidManifest.xml:25:9-27:39
45            android:name="androidx.compose.ui.tooling.PreviewActivity"
45-->[androidx.compose.ui:ui-tooling:1.1.1] AndroidManifest.xml:26:13-71
46            android:exported="true" />
46-->[androidx.compose.ui:ui-tooling:1.1.1] AndroidManifest.xml:27:13-36
47        <activity
47-->[androidx.compose.ui:ui-test-manifest:1.1.1] AndroidManifest.xml:25:9-27:39
48            android:name="androidx.activity.ComponentActivity"
48-->[androidx.compose.ui:ui-test-manifest:1.1.1] AndroidManifest.xml:26:13-63
49            android:exported="true" />
49-->[androidx.compose.ui:ui-test-manifest:1.1.1] AndroidManifest.xml:27:13-36
50
51        <service
51-->[androidx.room:room-runtime:2.4.2] AndroidManifest.xml:25:9-28:40
52            android:name="androidx.room.MultiInstanceInvalidationService"
52-->[androidx.room:room-runtime:2.4.2] AndroidManifest.xml:26:13-74
53            android:directBootAware="true"
53-->[androidx.room:room-runtime:2.4.2] AndroidManifest.xml:27:13-43
54            android:exported="false" />
54-->[androidx.room:room-runtime:2.4.2] AndroidManifest.xml:28:13-37
55
56        <provider
56-->[androidx.profileinstaller:profileinstaller:1.1.0] AndroidManifest.xml:26:9-34:20
57            android:name="androidx.startup.InitializationProvider"
57-->[androidx.profileinstaller:profileinstaller:1.1.0] AndroidManifest.xml:27:13-67
58            android:authorities="com.catalin.comicslibrary.androidx-startup"
58-->[androidx.profileinstaller:profileinstaller:1.1.0] AndroidManifest.xml:28:13-68
59            android:exported="false" >
59-->[androidx.profileinstaller:profileinstaller:1.1.0] AndroidManifest.xml:29:13-37
60            <meta-data
60-->[androidx.profileinstaller:profileinstaller:1.1.0] AndroidManifest.xml:31:13-33:52
61                android:name="androidx.profileinstaller.ProfileInstallerInitializer"
61-->[androidx.profileinstaller:profileinstaller:1.1.0] AndroidManifest.xml:32:17-85
62                android:value="androidx.startup" />
62-->[androidx.profileinstaller:profileinstaller:1.1.0] AndroidManifest.xml:33:17-49
63        </provider>
64
65        <receiver
65-->[androidx.profileinstaller:profileinstaller:1.1.0] AndroidManifest.xml:36:9-45:20
66            android:name="androidx.profileinstaller.ProfileInstallReceiver"
66-->[androidx.profileinstaller:profileinstaller:1.1.0] AndroidManifest.xml:37:13-76
67            android:directBootAware="false"
67-->[androidx.profileinstaller:profileinstaller:1.1.0] AndroidManifest.xml:38:13-44
68            android:enabled="true"
68-->[androidx.profileinstaller:profileinstaller:1.1.0] AndroidManifest.xml:39:13-35
69            android:exported="true"
69-->[androidx.profileinstaller:profileinstaller:1.1.0] AndroidManifest.xml:40:13-36
70            android:permission="android.permission.DUMP" >
70-->[androidx.profileinstaller:profileinstaller:1.1.0] AndroidManifest.xml:41:13-57
71            <intent-filter>
71-->[androidx.profileinstaller:profileinstaller:1.1.0] AndroidManifest.xml:42:13-44:29
72                <action android:name="androidx.profileinstaller.action.INSTALL_PROFILE" />
72-->[androidx.profileinstaller:profileinstaller:1.1.0] AndroidManifest.xml:43:17-91
72-->[androidx.profileinstaller:profileinstaller:1.1.0] AndroidManifest.xml:43:25-88
73            </intent-filter>
74        </receiver>
75    </application>
76
77</manifest>